Case #1: 3 3
Case #2: 2 1
Case #3: 7 1
Case #4: 7 2
Case #5: 10 10
Case #6: 6 4
Case #7: 0 0
Case #8: 3 0
Case #9: 8 3
Case #10: 6 3
Case #11: 0 0
Case #12: 6 2
Case #13: 3 1
Case #14: 7 5
Case #15: 1 1
Case #16: 6 2
Case #17: 9 3
Case #18: 0 0
Case #19: 1 1
Case #20: 6 6
Case #21: 0 0
Case #22: 5 1
Case #23: 6 2
Case #24: 1 1
Case #25: 7 1
Case #26: 2 1
Case #27: 3 1
Case #28: 10 10
Case #29: 0 0
Case #30: 5 2
Case #31: 10 10
Case #32: 1 0
Case #33: 0 0
Case #34: 0 0
Case #35: 8 2
Case #36: 6 2
Case #37: 0 0
Case #38: 1 1
Case #39: 9 5
Case #40: 1 0
Case #41: 8 2
Case #42: 0 0
Case #43: 10 10
Case #44: 10 10
Case #45: 0 0
Case #46: 4 2
Case #47: 2 1
Case #48: 10 10
Case #49: 9 3
Case #50: 3 0
